<?xml version="1.0" encoding="UTF-8"?>
<robot generator="Robot 5.0.1 (Python 3.10.5 on win32)" generated="20220801 09:42:14.328" rpa="false" schemaversion="3">
<suite id="s1" name="Pigu" source="C:\Users\takvietk\PycharmProjects\pigu.lt_Robot\pigu.robot">
<test id="s1-t1" name="TC_01 Open Browser" line="8">
<kw name="Set Selenium Speed" library="SeleniumLibrary">
<arg>2</arg>
<doc>Sets the delay that is waited after each Selenium command.</doc>
<status status="PASS" starttime="20220801 09:42:14.552" endtime="20220801 09:42:14.552"/>
</kw>
<kw name="Open Browser" library="SeleniumLibrary">
<arg>${URL}</arg>
<arg>${Browser}</arg>
<doc>Opens a new browser instance to the optional ``url``.</doc>
<msg timestamp="20220801 09:42:14.552" level="INFO">Opening browser 'Chrome' to base url 'https://pigu.lt/lt/'.</msg>
<status status="PASS" starttime="20220801 09:42:14.552" endtime="20220801 09:42:22.690"/>
</kw>
<kw name="Maximize Browser Window" library="SeleniumLibrary">
<doc>Maximizes current browser window.</doc>
<status status="PASS" starttime="20220801 09:42:22.690" endtime="20220801 09:42:25.174"/>
</kw>
<status status="PASS" starttime="20220801 09:42:14.552" endtime="20220801 09:42:25.174"/>
</test>
<test id="s1-t2" name="TC_02 Accept Cookies" line="12">
<kw name="Set Selenium Speed" library="SeleniumLibrary">
<arg>2</arg>
<doc>Sets the delay that is waited after each Selenium command.</doc>
<status status="PASS" starttime="20220801 09:42:25.174" endtime="20220801 09:42:25.174"/>
</kw>
<kw name="Click Element" library="SeleniumLibrary">
<arg>xpath:/html/body/div[1]/div[1]/div[1]/div/div/div[2]/button</arg>
<doc>Click the element identified by ``locator``.</doc>
<msg timestamp="20220801 09:42:25.174" level="INFO">Clicking element 'xpath:/html/body/div[1]/div[1]/div[1]/div/div/div[2]/button'.</msg>
<status status="PASS" starttime="20220801 09:42:25.174" endtime="20220801 09:42:30.715"/>
</kw>
<status status="PASS" starttime="20220801 09:42:25.174" endtime="20220801 09:42:30.715"/>
</test>
<test id="s1-t3" name="TC_03 Input Search and Press Enter" line="15">
<kw name="Set Selenium Speed" library="SeleniumLibrary">
<arg>2</arg>
<doc>Sets the delay that is waited after each Selenium command.</doc>
<status status="PASS" starttime="20220801 09:42:30.715" endtime="20220801 09:42:30.715"/>
</kw>
<kw name="Input Text" library="SeleniumLibrary">
<arg>xpath:/html/body/div[1]/div[1]/div/div[1]/div/div/div[3]/div[2]/form/div/span/input[1]</arg>
<arg>alkotesteris</arg>
<doc>Types the given ``text`` into the text field identified by ``locator``.</doc>
<msg timestamp="20220801 09:42:30.715" level="INFO">Typing text 'alkotesteris' into text field 'xpath:/html/body/div[1]/div[1]/div/div[1]/div/div/div[3]/div[2]/form/div/span/input[1]'.</msg>
<status status="PASS" starttime="20220801 09:42:30.715" endtime="20220801 09:42:36.913"/>
</kw>
<kw name="Press Key" library="SeleniumLibrary">
<arg>xpath:/html/body/div[1]/div[1]/div/div[1]/div/div/div[3]/div[2]/form/div/span/input[1]</arg>
<arg>\\13</arg>
<doc>*DEPRECATED in SeleniumLibrary 4.0.* use `Press Keys` instead.</doc>
<msg timestamp="20220801 09:42:36.913" level="WARN">Keyword 'SeleniumLibrary.Press Key' is deprecated. use `Press Keys` instead.</msg>
<status status="PASS" starttime="20220801 09:42:36.913" endtime="20220801 09:42:43.084"/>
</kw>
<status status="PASS" starttime="20220801 09:42:30.715" endtime="20220801 09:42:43.086"/>
</test>
<test id="s1-t4" name="TC_04 Show Cart" line="19">
<kw name="Set Selenium Speed" library="SeleniumLibrary">
<arg>2</arg>
<doc>Sets the delay that is waited after each Selenium command.</doc>
<status status="PASS" starttime="20220801 09:42:43.102" endtime="20220801 09:42:43.110"/>
</kw>
<kw name="Scroll Element Into View" library="SeleniumLibrary">
<arg>xpath:/html/body/div[1]/div[8]/div[1]/section/div/div/div[2]/section/div[3]/div/div[1]/div/div/div[5]/div[2]</arg>
<doc>Scrolls the element identified by ``locator`` into view.</doc>
<status status="PASS" starttime="20220801 09:42:43.110" endtime="20220801 09:42:47.443"/>
</kw>
<kw name="Mouse Over" library="SeleniumLibrary">
<arg>xpath:/html/body/div[1]/div[8]/div[1]/section/div/div/div[2]/section/div[3]/div/div[1]/div/div</arg>
<doc>Simulates hovering the mouse over the element ``locator``.</doc>
<msg timestamp="20220801 09:42:47.451" level="INFO">Simulating Mouse Over on element 'xpath:/html/body/div[1]/div[8]/div[1]/section/div/div/div[2]/section/div[3]/div/div[1]/div/div'.</msg>
<status status="PASS" starttime="20220801 09:42:47.451" endtime="20220801 09:42:51.778"/>
</kw>
<status status="PASS" starttime="20220801 09:42:43.094" endtime="20220801 09:42:51.778"/>
</test>
<test id="s1-t5" name="TC_05 Press to Cart" line="23">
<kw name="Set Selenium Speed" library="SeleniumLibrary">
<arg>2</arg>
<doc>Sets the delay that is waited after each Selenium command.</doc>
<status status="PASS" starttime="20220801 09:42:51.778" endtime="20220801 09:42:51.778"/>
</kw>
<kw name="Click Element" library="SeleniumLibrary">
<arg>xpath:/html/body/div[1]/div[8]/div[1]/section/div/div/div[2]/section/div[3]/div/div[1]/div/div/a[2]</arg>
<doc>Click the element identified by ``locator``.</doc>
<msg timestamp="20220801 09:42:51.778" level="INFO">Clicking element 'xpath:/html/body/div[1]/div[8]/div[1]/section/div/div/div[2]/section/div[3]/div/div[1]/div/div/a[2]'.</msg>
<status status="PASS" starttime="20220801 09:42:51.778" endtime="20220801 09:42:55.946"/>
</kw>
<status status="PASS" starttime="20220801 09:42:51.778" endtime="20220801 09:42:55.946"/>
</test>
<status status="PASS" starttime="20220801 09:42:14.328" endtime="20220801 09:42:55.946"/>
</suite>
<statistics>
<total>
<stat pass="5" fail="0" skip="0">All Tests</stat>
</total>
<tag>
</tag>
<suite>
<stat pass="5" fail="0" skip="0" id="s1" name="Pigu">Pigu</stat>
</suite>
</statistics>
<errors>
<msg timestamp="20220801 09:42:36.913" level="WARN">Keyword 'SeleniumLibrary.Press Key' is deprecated. use `Press Keys` instead.</msg>
</errors>
</robot>
